\BOOKMARK [0][-]{chapter.1}{\376\377\000P\000e\000d\000a\000g\000o\000g\000i\000c\000a\000l\000\040\000D\000e\000s\000i\000g\000n}{}% 1
\BOOKMARK [1][-]{section.1.1}{\376\377\000E\000d\000u\000c\000a\000t\000i\000o\000n\000a\000l\000\040\000O\000b\000j\000e\000c\000t\000i\000v\000e\000s\000\040\000a\000n\000d\000\040\000T\000a\000r\000g\000e\000t\000\040\000A\000u\000d\000i\000e\000n\000c\000e}{chapter.1}% 2
\BOOKMARK [1][-]{section.1.2}{\376\377\000C\000u\000r\000r\000i\000c\000u\000l\000u\000m\000\040\000S\000t\000r\000u\000c\000t\000u\000r\000e\000\040\000a\000n\000d\000\040\000O\000r\000g\000a\000n\000i\000z\000a\000t\000i\000o\000n}{chapter.1}% 3
\BOOKMARK [1][-]{section.1.3}{\376\377\000S\000e\000l\000f\000-\000A\000s\000s\000e\000s\000s\000m\000e\000n\000t\000\040\000a\000n\000d\000\040\000A\000c\000t\000i\000v\000e\000\040\000P\000a\000r\000t\000i\000c\000i\000p\000a\000t\000i\000o\000n}{chapter.1}% 4
\BOOKMARK [1][-]{section.1.4}{\376\377\000A\000d\000a\000p\000t\000i\000v\000e\000\040\000L\000e\000a\000r\000n\000i\000n\000g\000\040\000a\000n\000d\000\040\000I\000n\000d\000i\000v\000i\000d\000u\000a\000l\000i\000z\000a\000t\000i\000o\000n}{chapter.1}% 5
\BOOKMARK [2][-]{subsection.1.4.1}{\376\377\000T\000h\000e\000\040\000H\000i\000n\000t\000\040\000T\000r\000i\000g\000g\000e\000r\000\040\000M\000e\000c\000h\000a\000n\000i\000s\000m}{section.1.4}% 6
\BOOKMARK [0][-]{chapter.2}{\376\377\000T\000e\000c\000h\000n\000i\000c\000a\000l\000\040\000I\000m\000p\000l\000e\000m\000e\000n\000t\000a\000t\000i\000o\000n}{}% 7
\BOOKMARK [1][-]{section.2.1}{\376\377\000S\000y\000s\000t\000e\000m\000\040\000A\000r\000c\000h\000i\000t\000e\000c\000t\000u\000r\000e\000\040\000O\000v\000e\000r\000v\000i\000e\000w}{chapter.2}% 8
\BOOKMARK [1][-]{section.2.2}{\376\377\000C\000o\000n\000t\000e\000n\000t\000\040\000M\000a\000n\000a\000g\000e\000m\000e\000n\000t\000\040\000a\000n\000d\000\040\000D\000a\000t\000a\000\040\000P\000i\000p\000e\000l\000i\000n\000e}{chapter.2}% 9
\BOOKMARK [2][-]{subsection.2.2.1}{\376\377\000T\000h\000e\000\040\000S\000y\000n\000c\000h\000r\000o\000n\000i\000z\000a\000t\000i\000o\000n\000\040\000E\000n\000g\000i\000n\000e}{section.2.2}% 10
\BOOKMARK [2][-]{subsection.2.2.2}{\376\377\000D\000a\000t\000a\000\040\000F\000e\000t\000c\000h\000i\000n\000g\000\040\000a\000n\000d\000\040\000R\000e\000n\000d\000e\000r\000i\000n\000g}{section.2.2}% 11
\BOOKMARK [1][-]{section.2.3}{\376\377\000S\000a\000n\000d\000b\000o\000x\000e\000d\000\040\000E\000x\000e\000c\000u\000t\000i\000o\000n\000\040\000E\000n\000g\000i\000n\000e}{chapter.2}% 12
\BOOKMARK [2][-]{subsection.2.3.1}{\376\377\000C\000o\000n\000t\000a\000i\000n\000e\000r\000\040\000I\000s\000o\000l\000a\000t\000i\000o\000n}{section.2.3}% 13
\BOOKMARK [1][-]{section.2.4}{\376\377\000A\000s\000s\000e\000s\000s\000m\000e\000n\000t\000\040\000L\000o\000g\000i\000c\000\040\000a\000n\000d\000\040\000T\000e\000l\000e\000m\000e\000t\000r\000y}{chapter.2}% 14
\BOOKMARK [2][-]{subsection.2.4.1}{\376\377\000T\000r\000i\000a\000l\000\040\000v\000s\000.\000\040\000V\000a\000l\000i\000d\000a\000t\000i\000o\000n\000\040\000W\000o\000r\000k\000f\000l\000o\000w\000s}{section.2.4}% 15
\BOOKMARK [2][-]{subsection.2.4.2}{\376\377\000D\000a\000t\000a\000\040\000P\000e\000r\000s\000i\000s\000t\000e\000n\000c\000e\000\040\000a\000n\000d\000\040\000P\000r\000o\000g\000r\000e\000s\000s\000\040\000T\000r\000a\000c\000k\000i\000n\000g}{section.2.4}% 16
\BOOKMARK [1][-]{section.2.5}{\376\377\000D\000a\000t\000a\000b\000a\000s\000e\000\040\000S\000c\000h\000e\000m\000a}{chapter.2}% 17
\BOOKMARK [2][-]{subsection.2.5.1}{\376\377\000U\000s\000e\000r\000\040\000D\000a\000t\000a\000\040\000M\000o\000d\000e\000l}{section.2.5}% 18
\BOOKMARK [1][-]{section.2.6}{\376\377\000S\000e\000c\000u\000r\000i\000t\000y\000\040\000a\000n\000d\000\040\000A\000u\000t\000h\000e\000n\000t\000i\000c\000a\000t\000i\000o\000n}{chapter.2}% 19
\BOOKMARK [0][-]{chapter.3}{\376\377\000U\000s\000e\000r\000\040\000I\000n\000t\000e\000r\000f\000a\000c\000e\000\040\000a\000n\000d\000\040\000E\000x\000p\000e\000r\000i\000e\000n\000c\000e\000\040\000D\000e\000s\000i\000g\000n}{}% 20
\BOOKMARK [1][-]{section.3.1}{\376\377\000D\000e\000s\000i\000g\000n\000\040\000P\000h\000i\000l\000o\000s\000o\000p\000h\000y}{chapter.3}% 21
\BOOKMARK [1][-]{section.3.2}{\376\377\000D\000a\000s\000h\000b\000o\000a\000r\000d\000\040\000a\000n\000d\000\040\000I\000n\000f\000o\000r\000m\000a\000t\000i\000o\000n\000\040\000A\000r\000c\000h\000i\000t\000e\000c\000t\000u\000r\000e}{chapter.3}% 22
\BOOKMARK [2][-]{subsection.3.2.1}{\376\377\000V\000i\000s\000u\000a\000l\000i\000z\000i\000n\000g\000\040\000P\000r\000o\000g\000r\000e\000s\000s\000i\000o\000n}{section.3.2}% 23
\BOOKMARK [2][-]{subsection.3.2.2}{\376\377\000P\000e\000r\000f\000o\000r\000m\000a\000n\000c\000e\000\040\000M\000e\000t\000r\000i\000c\000s}{section.3.2}% 24
\BOOKMARK [1][-]{section.3.3}{\376\377\000T\000h\000e\000\040\000D\000u\000a\000l\000-\000P\000a\000n\000e\000\040\000L\000e\000a\000r\000n\000i\000n\000g\000\040\000E\000n\000v\000i\000r\000o\000n\000m\000e\000n\000t}{chapter.3}% 25
\BOOKMARK [1][-]{section.3.4}{\376\377\000T\000h\000e\000\040\000I\000n\000t\000e\000r\000a\000c\000t\000i\000v\000e\000\040\000W\000o\000r\000k\000s\000p\000a\000c\000e}{chapter.3}% 26
\BOOKMARK [2][-]{subsection.3.4.1}{\376\377\000E\000d\000i\000t\000o\000r\000\040\000a\000n\000d\000\040\000C\000o\000n\000s\000o\000l\000e\000\040\000D\000i\000s\000t\000i\000n\000c\000t\000i\000o\000n}{section.3.4}% 27
\BOOKMARK [2][-]{subsection.3.4.2}{\376\377\000A\000c\000t\000i\000o\000n\000\040\000B\000u\000t\000t\000o\000n\000s\000\040\000a\000n\000d\000\040\000V\000i\000s\000u\000a\000l\000\040\000W\000e\000i\000g\000h\000t}{section.3.4}% 28
\BOOKMARK [2][-]{subsection.3.4.3}{\376\377\000P\000o\000s\000t\000-\000S\000u\000c\000c\000e\000s\000s\000\040\000I\000n\000t\000e\000r\000f\000a\000c\000e\000\040\000U\000p\000d\000a\000t\000e\000s}{section.3.4}% 29
\BOOKMARK [1][-]{section.3.5}{\376\377\000T\000y\000p\000o\000g\000r\000a\000p\000h\000y\000\040\000f\000o\000r\000\040\000C\000o\000d\000e\000\040\000L\000e\000g\000i\000b\000i\000l\000i\000t\000y}{chapter.3}% 30
\BOOKMARK [1][-]{section.3.6}{\376\377\000N\000o\000n\000-\000I\000n\000t\000r\000u\000s\000i\000v\000e\000\040\000F\000e\000e\000d\000b\000a\000c\000k\000\040\000M\000e\000c\000h\000a\000n\000i\000s\000m\000s}{chapter.3}% 31
\BOOKMARK [2][-]{subsection.3.6.1}{\376\377\000P\000e\000d\000a\000g\000o\000g\000i\000c\000a\000l\000\040\000a\000n\000d\000\040\000S\000u\000c\000c\000e\000s\000s\000\040\000F\000e\000e\000d\000b\000a\000c\000k}{section.3.6}% 32
\BOOKMARK [2][-]{subsection.3.6.2}{\376\377\000A\000u\000t\000h\000e\000n\000t\000i\000c\000a\000t\000i\000o\000n\000\040\000E\000r\000r\000o\000r\000\040\000H\000a\000n\000d\000l\000i\000n\000g}{section.3.6}% 33
\BOOKMARK [0][-]{chapter.4}{\376\377\000E\000v\000a\000l\000u\000a\000t\000i\000o\000n\000\040\000a\000g\000a\000i\000n\000s\000t\000\040\000P\000r\000o\000j\000e\000c\000t\000\040\000R\000e\000q\000u\000i\000r\000e\000m\000e\000n\000t\000s}{}% 34
\BOOKMARK [1][-]{section.4.1}{\376\377\000P\000r\000o\000j\000e\000c\000t\000\040\000C\000o\000n\000c\000l\000u\000s\000i\000o\000n}{chapter.4}% 35
\BOOKMARK [1][-]{section.4.2}{\376\377\000A\000l\000i\000g\000n\000m\000e\000n\000t\000\040\000w\000i\000t\000h\000\040\000G\000r\000a\000d\000i\000n\000g\000\040\000C\000r\000i\000t\000e\000r\000i\000a}{chapter.4}% 36
\BOOKMARK [2][-]{subsection.4.2.1}{\376\377\000P\000e\000d\000a\000g\000o\000g\000i\000c\000a\000l\000\040\000A\000p\000p\000r\000o\000p\000r\000i\000a\000t\000e\000n\000e\000s\000s\000\040\000a\000n\000d\000\040\000E\000d\000u\000c\000a\000t\000i\000o\000n\000a\000l\000\040\000Q\000u\000a\000l\000i\000t\000y}{section.4.2}% 37
\BOOKMARK [2][-]{subsection.4.2.2}{\376\377\000S\000t\000r\000u\000c\000t\000u\000r\000e\000\040\000a\000n\000d\000\040\000R\000i\000c\000h\000\040\000A\000c\000t\000i\000v\000i\000t\000i\000e\000s}{section.4.2}% 38
\BOOKMARK [2][-]{subsection.4.2.3}{\376\377\000P\000e\000r\000s\000o\000n\000a\000l\000i\000z\000a\000t\000i\000o\000n\000\040\000a\000n\000d\000\040\000A\000d\000a\000p\000t\000i\000v\000e\000\040\000L\000e\000a\000r\000n\000i\000n\000g}{section.4.2}% 39
\BOOKMARK [2][-]{subsection.4.2.4}{\376\377\000D\000a\000t\000a\000b\000a\000s\000e\000\040\000U\000t\000i\000l\000i\000z\000a\000t\000i\000o\000n\000\040\000a\000n\000d\000\040\000R\000i\000c\000h\000\040\000S\000t\000a\000t\000i\000s\000t\000i\000c\000s}{section.4.2}% 40
\BOOKMARK [2][-]{subsection.4.2.5}{\376\377\000T\000e\000c\000h\000n\000i\000c\000a\000l\000\040\000C\000o\000m\000p\000l\000e\000t\000e\000n\000e\000s\000s\000\040\000a\000n\000d\000\040\000F\000l\000a\000w\000l\000e\000s\000s\000\040\000O\000p\000e\000r\000a\000t\000i\000o\000n}{section.4.2}% 41
\BOOKMARK [2][-]{subsection.4.2.6}{\376\377\000U\000s\000e\000r\000\040\000I\000n\000t\000e\000r\000f\000a\000c\000e\000,\000\040\000A\000e\000s\000t\000h\000e\000t\000i\000c\000s\000,\000\040\000a\000n\000d\000\040\000U\000s\000a\000b\000i\000l\000i\000t\000y}{section.4.2}% 42
\BOOKMARK [2][-]{subsection.4.2.7}{\376\377\000C\000r\000e\000a\000t\000i\000v\000i\000t\000y\000\040\000a\000n\000d\000\040\000G\000a\000m\000i\000f\000i\000c\000a\000t\000i\000o\000n}{section.4.2}% 43
\BOOKMARK [1][-]{section.4.3}{\376\377\000L\000i\000m\000i\000t\000a\000t\000i\000o\000n\000s\000\040\000a\000n\000d\000\040\000F\000u\000t\000u\000r\000e\000\040\000E\000x\000t\000e\000n\000s\000i\000o\000n\000s}{chapter.4}% 44
